TN:
SF:src\modules\appointments\services\CreateAppointmentService.ts
FN:18,(anonymous_18)
FN:19,CreateAppointmentService
FN:24,(anonymous_20)
FNF:3
FNH:3
FNDA:1,(anonymous_18)
FNDA:2,CreateAppointmentService
FNDA:3,(anonymous_20)
DA:1,1
DA:3,1
DA:4,1
DA:7,1
DA:18,1
DA:21,2
DA:24,3
DA:25,3
DA:27,3
DA:31,3
DA:32,1
DA:35,2
DA:40,2
DA:42,1
DA:44,1
LF:15
LH:15
BRDA:31,0,0,1
BRDA:31,0,1,2
BRF:2
BRH:2
end_of_record
TN:
SF:src\modules\users\services\AuthenticateUserService.ts
FN:22,(anonymous_18)
FN:23,AuthenticateUserService
FN:30,(anonymous_20)
FNF:3
FNH:3
FNDA:1,(anonymous_18)
FNDA:3,AuthenticateUserService
FNDA:3,(anonymous_20)
DA:1,1
DA:3,1
DA:4,1
DA:6,1
DA:8,1
DA:22,1
DA:25,3
DA:27,3
DA:30,3
DA:31,3
DA:33,3
DA:34,1
DA:37,2
DA:39,2
DA:40,1
DA:43,1
DA:45,1
DA:50,1
DA:52,1
DA:54,1
LF:20
LH:20
BRDA:31,0,0,3
BRDA:33,1,0,1
BRDA:33,1,1,2
BRDA:39,2,0,1
BRDA:39,2,1,1
BRF:5
BRH:5
end_of_record
TN:
SF:src\modules\users\services\CreateUserService.ts
FN:19,(anonymous_18)
FN:20,CreateUserService
FN:27,(anonymous_20)
FNF:3
FNH:3
FNDA:2,(anonymous_18)
FNDA:4,CreateUserService
FNDA:5,(anonymous_20)
DA:1,2
DA:3,2
DA:6,2
DA:19,2
DA:22,4
DA:24,4
DA:27,5
DA:28,5
DA:30,5
DA:31,1
DA:34,4
DA:36,4
DA:42,4
DA:44,2
DA:46,2
LF:15
LH:15
BRDA:28,0,0,5
BRDA:30,1,0,1
BRDA:30,1,1,4
BRF:3
BRH:3
end_of_record
TN:
SF:src\modules\users\services\UpdateUserAvatarService.ts
FN:17,(anonymous_18)
FN:18,UpdateUserAvatarService
FN:22,(anonymous_20)
FNF:3
FNH:0
FNDA:0,(anonymous_18)
FNDA:0,UpdateUserAvatarService
FNDA:0,(anonymous_20)
DA:1,0
DA:2,0
DA:3,0
DA:5,0
DA:7,0
DA:17,0
DA:20,0
DA:22,0
DA:23,0
DA:25,0
DA:26,0
DA:29,0
DA:30,0
DA:31,0
DA:33,0
DA:34,0
DA:38,0
DA:40,0
DA:42,0
DA:44,0
DA:46,0
LF:21
LH:0
BRDA:23,0,0,0
BRDA:25,1,0,0
BRDA:25,1,1,0
BRDA:29,2,0,0
BRDA:29,2,1,0
BRDA:33,3,0,0
BRDA:33,3,1,0
BRF:7
BRH:0
end_of_record
